{"C:\\Users\\Marra Grace\\Desktop\\Microverse Projects\\To-Do-List\\src\\modules\\addTask.js": {"path":"C:\\Users\\Marra Grace\\Desktop\\Microverse Projects\\To-Do-List\\src\\modules\\addTask.js","statementMap":{"0":{"start":{"line":3,"column":16},"end":{"line":18,"column":1}},"1":{"start":{"line":4,"column":16},"end":{"line":4,"column":47}},"2":{"start":{"line":5,"column":2},"end":{"line":17,"column":3}},"3":{"start":{"line":6,"column":20},"end":{"line":10,"column":5}},"4":{"start":{"line":11,"column":4},"end":{"line":11,"column":29}},"5":{"start":{"line":13,"column":4},"end":{"line":13,"column":38}},"6":{"start":{"line":14,"column":4},"end":{"line":16,"column":13}},"7":{"start":{"line":15,"column":6},"end":{"line":15,"column":43}}},"fnMap":{"0":{"name":"(anonymous_0)","decl":{"start":{"line":3,"column":16},"end":{"line":3,"column":17}},"loc":{"start":{"line":3,"column":29},"end":{"line":18,"column":1}},"line":3},"1":{"name":"(anonymous_1)","decl":{"start":{"line":14,"column":15},"end":{"line":14,"column":16}},"loc":{"start":{"line":14,"column":21},"end":{"line":16,"column":5}},"line":14}},"branchMap":{"0":{"loc":{"start":{"line":5,"column":2},"end":{"line":17,"column":3}},"type":"if","locations":[{"start":{"line":5,"column":2},"end":{"line":17,"column":3}},{"start":{"line":12,"column":9},"end":{"line":17,"column":3}}],"line":5}},"s":{"0":1,"1":2,"2":2,"3":2,"4":2,"5":0,"6":0,"7":0},"f":{"0":2,"1":0},"b":{"0":[2,0]},"_coverageSchema":"1a1c01bbd47fc00a2c39e90264f33305004495a9","hash":"1e548bc68c1958d041ed6ff8ef3a22af89725c14"}
,"C:\\Users\\Marra Grace\\Desktop\\Microverse Projects\\To-Do-List\\src\\modules\\itemsArray.js": {"path":"C:\\Users\\Marra Grace\\Desktop\\Microverse Projects\\To-Do-List\\src\\modules\\itemsArray.js","statementMap":{"0":{"start":{"line":1,"column":19},"end":{"line":1,"column":71}}},"fnMap":{},"branchMap":{"0":{"loc":{"start":{"line":1,"column":19},"end":{"line":1,"column":71}},"type":"binary-expr","locations":[{"start":{"line":1,"column":19},"end":{"line":1,"column":65}},{"start":{"line":1,"column":69},"end":{"line":1,"column":71}}],"line":1}},"s":{"0":1},"f":{},"b":{"0":[1,1]},"_coverageSchema":"1a1c01bbd47fc00a2c39e90264f33305004495a9","hash":"2a3ab447fbaa1ce2b67d31a72067616907839bd3"}
,"C:\\Users\\Marra Grace\\Desktop\\Microverse Projects\\To-Do-List\\src\\modules\\remove.js": {"path":"C:\\Users\\Marra Grace\\Desktop\\Microverse Projects\\To-Do-List\\src\\modules\\remove.js","statementMap":{"0":{"start":{"line":3,"column":19},"end":{"line":5,"column":1}},"1":{"start":{"line":4,"column":2},"end":{"line":4,"column":29}}},"fnMap":{"0":{"name":"(anonymous_0)","decl":{"start":{"line":3,"column":19},"end":{"line":3,"column":20}},"loc":{"start":{"line":3,"column":29},"end":{"line":5,"column":1}},"line":3}},"branchMap":{},"s":{"0":1,"1":1},"f":{"0":1},"b":{},"_coverageSchema":"1a1c01bbd47fc00a2c39e90264f33305004495a9","hash":"798b42379f5f376f95aff4383439533364a060b1"}
}
