{"C:\\Users\\Marra Grace\\Desktop\\Microverse Projects\\To-Do-List\\src\\modules\\addTask.js": {"path":"C:\\Users\\Marra Grace\\Desktop\\Microverse Projects\\To-Do-List\\src\\modules\\addTask.js","statementMap":{"0":{"start":{"line":3,"column":16},"end":{"line":18,"column":1}},"1":{"start":{"line":4,"column":16},"end":{"line":4,"column":47}},"2":{"start":{"line":5,"column":2},"end":{"line":17,"column":3}},"3":{"start":{"line":6,"column":20},"end":{"line":10,"column":5}},"4":{"start":{"line":11,"column":4},"end":{"line":11,"column":29}},"5":{"start":{"line":13,"column":4},"end":{"line":13,"column":38}},"6":{"start":{"line":14,"column":4},"end":{"line":16,"column":13}},"7":{"start":{"line":15,"column":6},"end":{"line":15,"column":43}}},"fnMap":{"0":{"name":"(anonymous_0)","decl":{"start":{"line":3,"column":16},"end":{"line":3,"column":17}},"loc":{"start":{"line":3,"column":29},"end":{"line":18,"column":1}},"line":3},"1":{"name":"(anonymous_1)","decl":{"start":{"line":14,"column":15},"end":{"line":14,"column":16}},"loc":{"start":{"line":14,"column":21},"end":{"line":16,"column":5}},"line":14}},"branchMap":{"0":{"loc":{"start":{"line":5,"column":2},"end":{"line":17,"column":3}},"type":"if","locations":[{"start":{"line":5,"column":2},"end":{"line":17,"column":3}},{"start":{"line":12,"column":9},"end":{"line":17,"column":3}}],"line":5}},"s":{"0":2,"1":4,"2":4,"3":4,"4":4,"5":0,"6":0,"7":0},"f":{"0":4,"1":0},"b":{"0":[4,0]},"_coverageSchema":"1a1c01bbd47fc00a2c39e90264f33305004495a9","hash":"1e548bc68c1958d041ed6ff8ef3a22af89725c14"}
,"C:\\Users\\Marra Grace\\Desktop\\Microverse Projects\\To-Do-List\\src\\modules\\completedClear.js": {"path":"C:\\Users\\Marra Grace\\Desktop\\Microverse Projects\\To-Do-List\\src\\modules\\completedClear.js","statementMap":{"0":{"start":{"line":4,"column":23},"end":{"line":8,"column":1}},"1":{"start":{"line":5,"column":28},"end":{"line":5,"column":81}},"2":{"start":{"line":5,"column":56},"end":{"line":5,"column":80}},"3":{"start":{"line":6,"column":2},"end":{"line":6,"column":64}},"4":{"start":{"line":7,"column":2},"end":{"line":7,"column":14}}},"fnMap":{"0":{"name":"(anonymous_0)","decl":{"start":{"line":4,"column":23},"end":{"line":4,"column":24}},"loc":{"start":{"line":4,"column":29},"end":{"line":8,"column":1}},"line":4},"1":{"name":"(anonymous_1)","decl":{"start":{"line":5,"column":46},"end":{"line":5,"column":47}},"loc":{"start":{"line":5,"column":56},"end":{"line":5,"column":80}},"line":5}},"branchMap":{},"s":{"0":1,"1":1,"2":2,"3":1,"4":1},"f":{"0":1,"1":2},"b":{},"_coverageSchema":"1a1c01bbd47fc00a2c39e90264f33305004495a9","hash":"ba18e23b5eb738d2da23d4dec86f914d2d72780f"}
,"C:\\Users\\Marra Grace\\Desktop\\Microverse Projects\\To-Do-List\\src\\modules\\completedUpdate.js": {"path":"C:\\Users\\Marra Grace\\Desktop\\Microverse Projects\\To-Do-List\\src\\modules\\completedUpdate.js","statementMap":{"0":{"start":{"line":3,"column":18},"end":{"line":5,"column":1}},"1":{"start":{"line":4,"column":2},"end":{"line":4,"column":41}}},"fnMap":{"0":{"name":"(anonymous_0)","decl":{"start":{"line":3,"column":18},"end":{"line":3,"column":19}},"loc":{"start":{"line":3,"column":37},"end":{"line":5,"column":1}},"line":3}},"branchMap":{},"s":{"0":1,"1":1},"f":{"0":1},"b":{},"_coverageSchema":"1a1c01bbd47fc00a2c39e90264f33305004495a9","hash":"aa315a0af5d4dddb5875071193505ac65db2550f"}
,"C:\\Users\\Marra Grace\\Desktop\\Microverse Projects\\To-Do-List\\src\\modules\\edit.js": {"path":"C:\\Users\\Marra Grace\\Desktop\\Microverse Projects\\To-Do-List\\src\\modules\\edit.js","statementMap":{"0":{"start":{"line":3,"column":17},"end":{"line":5,"column":1}},"1":{"start":{"line":4,"column":2},"end":{"line":4,"column":37}}},"fnMap":{"0":{"name":"(anonymous_0)","decl":{"start":{"line":3,"column":17},"end":{"line":3,"column":18}},"loc":{"start":{"line":3,"column":32},"end":{"line":5,"column":1}},"line":3}},"branchMap":{},"s":{"0":1,"1":1},"f":{"0":1},"b":{},"_coverageSchema":"1a1c01bbd47fc00a2c39e90264f33305004495a9","hash":"45efaf479988aede3f9db118f45121ab6675951a"}
,"C:\\Users\\Marra Grace\\Desktop\\Microverse Projects\\To-Do-List\\src\\modules\\indexInit.js": {"path":"C:\\Users\\Marra Grace\\Desktop\\Microverse Projects\\To-Do-List\\src\\modules\\indexInit.js","statementMap":{"0":{"start":{"line":4,"column":22},"end":{"line":4,"column":68}},"1":{"start":{"line":5,"column":19},"end":{"line":5,"column":64}},"2":{"start":{"line":6,"column":17},"end":{"line":6,"column":62}},"3":{"start":{"line":8,"column":18},"end":{"line":58,"column":1}},"4":{"start":{"line":9,"column":19},"end":{"line":37,"column":3}},"5":{"start":{"line":10,"column":25},"end":{"line":10,"column":43}},"6":{"start":{"line":11,"column":4},"end":{"line":36,"column":7}},"7":{"start":{"line":12,"column":6},"end":{"line":35,"column":9}},"8":{"start":{"line":13,"column":23},"end":{"line":13,"column":30}},"9":{"start":{"line":14,"column":28},"end":{"line":14,"column":43}},"10":{"start":{"line":15,"column":28},"end":{"line":15,"column":47}},"11":{"start":{"line":16,"column":32},"end":{"line":16,"column":57}},"12":{"start":{"line":17,"column":8},"end":{"line":17,"column":47}},"13":{"start":{"line":18,"column":8},"end":{"line":18,"column":45}},"14":{"start":{"line":19,"column":8},"end":{"line":19,"column":63}},"15":{"start":{"line":20,"column":8},"end":{"line":34,"column":11}},"16":{"start":{"line":21,"column":10},"end":{"line":21,"column":29}},"17":{"start":{"line":22,"column":29},"end":{"line":22,"column":60}},"18":{"start":{"line":23,"column":10},"end":{"line":33,"column":11}},"19":{"start":{"line":24,"column":12},"end":{"line":24,"column":56}},"20":{"start":{"line":25,"column":12},"end":{"line":25,"column":75}},"21":{"start":{"line":26,"column":12},"end":{"line":26,"column":30}},"22":{"start":{"line":27,"column":12},"end":{"line":27,"column":24}},"23":{"start":{"line":29,"column":12},"end":{"line":29,"column":56}},"24":{"start":{"line":30,"column":12},"end":{"line":32,"column":21}},"25":{"start":{"line":31,"column":14},"end":{"line":31,"column":61}},"26":{"start":{"line":39,"column":21},"end":{"line":54,"column":3}},"27":{"start":{"line":40,"column":25},"end":{"line":40,"column":75}},"28":{"start":{"line":41,"column":4},"end":{"line":53,"column":7}},"29":{"start":{"line":42,"column":6},"end":{"line":52,"column":9}},"30":{"start":{"line":43,"column":8},"end":{"line":43,"column":42}},"31":{"start":{"line":44,"column":16},"end":{"line":44,"column":17}},"32":{"start":{"line":45,"column":8},"end":{"line":48,"column":11}},"33":{"start":{"line":46,"column":10},"end":{"line":46,"column":25}},"34":{"start":{"line":47,"column":10},"end":{"line":47,"column":17}},"35":{"start":{"line":49,"column":8},"end":{"line":49,"column":71}},"36":{"start":{"line":50,"column":8},"end":{"line":50,"column":26}},"37":{"start":{"line":51,"column":8},"end":{"line":51,"column":20}},"38":{"start":{"line":56,"column":2},"end":{"line":56,"column":15}},"39":{"start":{"line":57,"column":2},"end":{"line":57,"column":13}}},"fnMap":{"0":{"name":"(anonymous_0)","decl":{"start":{"line":8,"column":18},"end":{"line":8,"column":19}},"loc":{"start":{"line":8,"column":24},"end":{"line":58,"column":1}},"line":8},"1":{"name":"(anonymous_1)","decl":{"start":{"line":9,"column":19},"end":{"line":9,"column":20}},"loc":{"start":{"line":9,"column":25},"end":{"line":37,"column":3}},"line":9},"2":{"name":"(anonymous_2)","decl":{"start":{"line":11,"column":25},"end":{"line":11,"column":26}},"loc":{"start":{"line":11,"column":35},"end":{"line":36,"column":5}},"line":11},"3":{"name":"(anonymous_3)","decl":{"start":{"line":12,"column":37},"end":{"line":12,"column":38}},"loc":{"start":{"line":12,"column":43},"end":{"line":35,"column":7}},"line":12},"4":{"name":"(anonymous_4)","decl":{"start":{"line":20,"column":60},"end":{"line":20,"column":61}},"loc":{"start":{"line":20,"column":67},"end":{"line":34,"column":9}},"line":20},"5":{"name":"(anonymous_5)","decl":{"start":{"line":30,"column":23},"end":{"line":30,"column":24}},"loc":{"start":{"line":30,"column":29},"end":{"line":32,"column":13}},"line":30},"6":{"name":"(anonymous_6)","decl":{"start":{"line":39,"column":21},"end":{"line":39,"column":22}},"loc":{"start":{"line":39,"column":27},"end":{"line":54,"column":3}},"line":39},"7":{"name":"(anonymous_7)","decl":{"start":{"line":41,"column":25},"end":{"line":41,"column":26}},"loc":{"start":{"line":41,"column":35},"end":{"line":53,"column":5}},"line":41},"8":{"name":"(anonymous_8)","decl":{"start":{"line":42,"column":37},"end":{"line":42,"column":38}},"loc":{"start":{"line":42,"column":44},"end":{"line":52,"column":7}},"line":42},"9":{"name":"(anonymous_9)","decl":{"start":{"line":45,"column":27},"end":{"line":45,"column":28}},"loc":{"start":{"line":45,"column":37},"end":{"line":48,"column":9}},"line":45}},"branchMap":{"0":{"loc":{"start":{"line":23,"column":10},"end":{"line":33,"column":11}},"type":"if","locations":[{"start":{"line":23,"column":10},"end":{"line":33,"column":11}},{"start":{"line":28,"column":17},"end":{"line":33,"column":11}}],"line":23}},"s":{"0":1,"1":1,"2":1,"3":1,"4":1,"5":1,"6":1,"7":0,"8":0,"9":0,"10":0,"11":0,"12":0,"13":0,"14":0,"15":0,"16":0,"17":0,"18":0,"19":0,"20":0,"21":0,"22":0,"23":0,"24":0,"25":0,"26":1,"27":1,"28":1,"29":0,"30":0,"31":0,"32":0,"33":0,"34":0,"35":0,"36":0,"37":0,"38":1,"39":1},"f":{"0":1,"1":1,"2":0,"3":0,"4":0,"5":0,"6":1,"7":0,"8":0,"9":0},"b":{"0":[0,0]},"_coverageSchema":"1a1c01bbd47fc00a2c39e90264f33305004495a9","hash":"dda0df704a59cf1b4467d0930ebead8fc2958408"}
,"C:\\Users\\Marra Grace\\Desktop\\Microverse Projects\\To-Do-List\\src\\modules\\itemsArray.js": {"path":"C:\\Users\\Marra Grace\\Desktop\\Microverse Projects\\To-Do-List\\src\\modules\\itemsArray.js","statementMap":{"0":{"start":{"line":1,"column":19},"end":{"line":1,"column":71}}},"fnMap":{},"branchMap":{"0":{"loc":{"start":{"line":1,"column":19},"end":{"line":1,"column":71}},"type":"binary-expr","locations":[{"start":{"line":1,"column":19},"end":{"line":1,"column":65}},{"start":{"line":1,"column":69},"end":{"line":1,"column":71}}],"line":1}},"s":{"0":2},"f":{},"b":{"0":[2,2]},"_coverageSchema":"1a1c01bbd47fc00a2c39e90264f33305004495a9","hash":"2a3ab447fbaa1ce2b67d31a72067616907839bd3"}
,"C:\\Users\\Marra Grace\\Desktop\\Microverse Projects\\To-Do-List\\src\\modules\\remove.js": {"path":"C:\\Users\\Marra Grace\\Desktop\\Microverse Projects\\To-Do-List\\src\\modules\\remove.js","statementMap":{"0":{"start":{"line":3,"column":19},"end":{"line":5,"column":1}},"1":{"start":{"line":4,"column":2},"end":{"line":4,"column":29}}},"fnMap":{"0":{"name":"(anonymous_0)","decl":{"start":{"line":3,"column":19},"end":{"line":3,"column":20}},"loc":{"start":{"line":3,"column":29},"end":{"line":5,"column":1}},"line":3}},"branchMap":{},"s":{"0":1,"1":1},"f":{"0":1},"b":{},"_coverageSchema":"1a1c01bbd47fc00a2c39e90264f33305004495a9","hash":"798b42379f5f376f95aff4383439533364a060b1"}
,"C:\\Users\\Marra Grace\\Desktop\\Microverse Projects\\To-Do-List\\src\\modules\\renderTasks.js": {"path":"C:\\Users\\Marra Grace\\Desktop\\Microverse Projects\\To-Do-List\\src\\modules\\renderTasks.js","statementMap":{"0":{"start":{"line":4,"column":20},"end":{"line":4,"column":58}},"1":{"start":{"line":6,"column":24},"end":{"line":30,"column":1}},"2":{"start":{"line":7,"column":15},"end":{"line":7,"column":17}},"3":{"start":{"line":9,"column":2},"end":{"line":26,"column":5}},"4":{"start":{"line":10,"column":4},"end":{"line":25,"column":14}},"5":{"start":{"line":28,"column":2},"end":{"line":28,"column":33}},"6":{"start":{"line":29,"column":2},"end":{"line":29,"column":12}}},"fnMap":{"0":{"name":"(anonymous_0)","decl":{"start":{"line":6,"column":24},"end":{"line":6,"column":25}},"loc":{"start":{"line":6,"column":30},"end":{"line":30,"column":1}},"line":6},"1":{"name":"(anonymous_1)","decl":{"start":{"line":9,"column":21},"end":{"line":9,"column":22}},"loc":{"start":{"line":9,"column":38},"end":{"line":26,"column":3}},"line":9}},"branchMap":{"0":{"loc":{"start":{"line":18,"column":46},"end":{"line":18,"column":73}},"type":"binary-expr","locations":[{"start":{"line":18,"column":46},"end":{"line":18,"column":60}},{"start":{"line":18,"column":64},"end":{"line":18,"column":73}}],"line":18}},"s":{"0":1,"1":1,"2":0,"3":0,"4":0,"5":0,"6":0},"f":{"0":0,"1":0},"b":{"0":[0,0]},"_coverageSchema":"1a1c01bbd47fc00a2c39e90264f33305004495a9","hash":"5e9540e7fed664aff2893b70b07f3fa3fec87990"}
}
